 Service api-2  Building
 Service api-1  Building
#0 building with "mybuilder" instance using docker-container driver

#1 [api-1 internal] load build definition from Dockerfile
#1 transferring dockerfile: 2.05kB done
#1 DONE 0.0s

#2 [api-2 internal] load build definition from Dockerfile
#2 transferring dockerfile: 2.05kB done
#2 DONE 0.0s

#3 [api-1 auth] library/alpine:pull token for registry-1.docker.io
#3 DONE 0.0s

#4 [api-1 auth] phpswoole/swoole:pull token for registry-1.docker.io
#4 DONE 0.0s

#5 [api-1 auth] library/gcc:pull token for registry-1.docker.io
#5 DONE 0.0s

#6 [api-1 auth] library/python:pull token for registry-1.docker.io
#6 DONE 0.0s

#7 [api-2 internal] load metadata for docker.io/library/gcc:13-bookworm
#7 DONE 1.0s

#8 [api-1 internal] load metadata for docker.io/library/python:3.11-slim
#8 DONE 1.1s

#9 [api-1 internal] load metadata for docker.io/library/alpine:3.19
#9 DONE 1.1s

#10 [api-2 internal] load metadata for docker.io/phpswoole/swoole:php8.3
#10 DONE 1.1s

#11 [api-1 internal] load .dockerignore
#11 transferring context: 2B done
#11 DONE 0.0s

#12 [api-2 internal] load .dockerignore
#12 transferring context: 2B done
#12 DONE 0.0s

#13 [api-2 stage-3 1/7] FROM docker.io/phpswoole/swoole:php8.3@sha256:717cb9df239a5a7f843233c082fcfb4732ce324980e44c94bcc7493d70afaecb
#13 resolve docker.io/phpswoole/swoole:php8.3@sha256:717cb9df239a5a7f843233c082fcfb4732ce324980e44c94bcc7493d70afaecb done
#13 DONE 0.0s

#14 [api-1 indexer 1/7] FROM docker.io/library/python:3.11-slim@sha256:6d85378d88a19cd4d76079817532d62232be95757cb45945a99fec8e8084b9c2
#14 resolve docker.io/library/python:3.11-slim@sha256:6d85378d88a19cd4d76079817532d62232be95757cb45945a99fec8e8084b9c2 done
#14 DONE 0.0s

#15 [api-2 stage-3 3/7] RUN echo "ffi.enable=true" >> /usr/local/etc/php/conf.d/ffi.ini
#15 CACHED

#16 [api-2 stage-3 2/7] RUN docker-php-ext-enable ffi 2>/dev/null || true
#16 CACHED

#17 [api-2 internal] load build context
#17 transferring context: 663B done
#17 DONE 0.0s

#18 [api-1 stage-3 4/7] WORKDIR /app
#18 CACHED

#19 [api-1 builder 1/4] FROM docker.io/library/gcc:13-bookworm@sha256:7c27187be3cb50ad74614fc40a8048354f814e4b28c97e8326bb7b191c12e219
#19 resolve docker.io/library/gcc:13-bookworm@sha256:7c27187be3cb50ad74614fc40a8048354f814e4b28c97e8326bb7b191c12e219 0.0s done
#19 DONE 0.0s

#20 [api-1 internal] load build context
#20 transferring context: 663B done
#20 DONE 0.0s

#21 [api-1 downloader 1/4] FROM docker.io/library/alpine:3.19@sha256:6baf43584bcb78f2e5847d1de515f23499913ac9f12bdf834811a3145eb11ca1
#21 resolve docker.io/library/alpine:3.19@sha256:6baf43584bcb78f2e5847d1de515f23499913ac9f12bdf834811a3145eb11ca1 done
#21 DONE 0.0s

#22 [api-2 indexer 2/7] WORKDIR /build
#22 CACHED

#23 [api-2 indexer 3/7] COPY indexer/requirements.txt .
#23 CACHED

#24 [api-2 indexer 5/7] COPY indexer/build_index.py .
#24 CACHED

#25 [api-2 indexer 4/7] RUN pip install --no-cache-dir -r requirements.txt
#25 CACHED

#26 [api-1 builder 2/4] WORKDIR /build
#26 CACHED

#27 [api-1 builder 3/4] COPY src/vector_search.h src/vector_search.c ./
#27 CACHED

#28 [api-1 builder 4/4] RUN gcc -O3 -msse2 -shared -fPIC -o libvector.so vector_search.c
#28 CACHED

#29 [api-1 downloader 2/4] RUN apk add --no-cache curl
#29 CACHED

#30 [api-1 downloader 4/4] RUN curl -L -o references.json.gz     https://github.com/zanfranceschi/rinha-de-backend-2026/raw/main/resources/references.json.gz
#30 CACHED

#31 [api-1 downloader 3/4] WORKDIR /resources
#31 CACHED

#32 [api-1 indexer 6/7] COPY --from=downloader /resources/references.json.gz /resources/
#32 CACHED

#33 [api-1 indexer 7/7] RUN python build_index.py /resources/references.json.gz /index 1500
#33 661.1 Loading /resources/references.json.gz...
#33 661.1   Loaded 3000000 records in 50.9s
#33 661.1 Converting to numpy arrays...
#33 661.1   Shape: (3000000, 14), labels: (3000000,)
#33 661.1   Fraud rate: 999406/3000000 (33.3%)
#33 661.1 Running MiniBatchKMeans with 1500 clusters...
#33 661.1   Clustering done in 571.6s
#33 661.1 Sorting vectors by cluster assignment...
#33 661.1 Computing cluster offsets...
#33 661.1   Cluster sizes: min=119, max=5984, mean=2000, median=1390
#33 661.1   Empty clusters: 0
#33 661.1 Writing binary files to /index/...
#33 661.1   centroids.bin: 84000 bytes
#33 661.1   vectors.bin: 168000000 bytes
#33 661.1   labels.bin: 3000000 bytes
#33 661.1   offsets.bin: 12000 bytes
#33 661.1   meta.bin: 12 bytes
#33 661.1 
#33 661.1 Total index size: 163.2 MB
#33 661.1 Done!
#33 DONE 661.6s

#34 [api-2 stage-3 5/7] COPY --from=indexer /index /data/index
#34 DONE 0.2s

#26 [api-2 builder 2/4] WORKDIR /build
#26 CACHED

#35 [api-2 builder 3/4] COPY src/vector_search.h src/vector_search.c ./
#35 CACHED

#36 [api-2 builder 4/4] RUN gcc -O3 -msse2 -shared -fPIC -o libvector.so vector_search.c
#36 CACHED

#37 [api-1 stage-3 6/7] COPY --from=builder /build/libvector.so /app/src/libvector.so
#37 DONE 0.0s

#38 [api-2 stage-3 7/7] COPY src/ /app/src/
#38 DONE 0.0s

#39 [api-2] exporting to docker image format
#39 exporting layers
#39 exporting layers 4.6s done
#39 exporting manifest sha256:a16e361e05271a2b1ceb0235ab43308fb7aabc4051f1567dc69004166c967b86
#39 exporting manifest sha256:a16e361e05271a2b1ceb0235ab43308fb7aabc4051f1567dc69004166c967b86 0.0s done
#39 exporting config sha256:16a36ae7d8b3c3697556652a908c6077fc18cf0c92ee558816e6a3adae1ccc2c 0.0s done
#39 sending tarball
#39 ...

#40 [api-1] exporting to docker image format
#40 exporting layers 4.6s done
#40 exporting manifest sha256:c5c0d8726578bbbd21dfb3e6f32a74e5f9d07d6fbb49110a688dfb1fb4a419f8 0.0s done
#40 exporting config sha256:84bab55d41d73c0e9f8de396cf467924b21152da0cb0ddb84edf7315ffa79fd7 0.0s done
#40 ...

#41 [api-2] importing to docker
#41 loading layer 6d7c150df58d 327.68kB / 29.78MB
#41 loading layer 96b489ef1b94 224B / 224B
#41 loading layer ea9c829e760b 557.06kB / 117.84MB
#41 loading layer ea9c829e760b 42.89MB / 117.84MB 2.1s
#41 loading layer ea9c829e760b 116.98MB / 117.84MB 4.2s
#41 loading layer 5370e76bccbc 225B / 225B
#41 loading layer c23ed019fd02 131.07kB / 12.76MB
#41 loading layer 4b7257d903b2 487B / 487B
#41 loading layer 68120c1f502d 229.38kB / 20.22MB
#41 loading layer 06174dcef040 2.45kB / 2.45kB
#41 loading layer 156544180437 250B / 250B
#41 loading layer f265397e45df 244B / 244B
#41 loading layer 1c0dcaf35040 32.77kB / 790.73kB
#41 loading layer 04c2d92ad7ad 7.20kB / 7.20kB
#41 loading layer 7dc78ef231f4 491.52kB / 48.70MB
#41 loading layer 5f70bf18a086 32B / 32B
#41 loading layer 6349e67ddbcd 220B / 220B
#41 loading layer 2c2dc2c0cf55 93B / 93B
#41 loading layer 8fdfeee2412b 524.29kB / 50.27MB
#41 ...

#42 [api-1] importing to docker
#42 ...

#41 [api-2] importing to docker
#41 loading layer 97509e9fcd75 5.27kB / 5.27kB
#41 loading layer 6d7c150df58d 327.68kB / 29.78MB 10.7s done
#41 loading layer 96b489ef1b94 224B / 224B 9.0s done
#41 loading layer ea9c829e760b 116.98MB / 117.84MB 8.9s done
#41 loading layer 5370e76bccbc 225B / 225B 4.0s done
#41 loading layer c23ed019fd02 131.07kB / 12.76MB 4.0s done
#41 loading layer 4b7257d903b2 487B / 487B 3.9s done
#41 loading layer 68120c1f502d 229.38kB / 20.22MB 3.9s done
#41 loading layer 06174dcef040 2.45kB / 2.45kB 3.2s done
#41 loading layer 156544180437 250B / 250B 3.2s done
#41 loading layer f265397e45df 244B / 244B 3.2s done
#41 loading layer 1c0dcaf35040 32.77kB / 790.73kB 3.2s done
#41 loading layer 04c2d92ad7ad 7.20kB / 7.20kB 3.1s done
#41 loading layer 7dc78ef231f4 491.52kB / 48.70MB 3.1s done
#41 loading layer 5f70bf18a086 32B / 32B 1.1s done
#41 loading layer 6349e67ddbcd 220B / 220B 1.1s done
#41 loading layer 2c2dc2c0cf55 93B / 93B 1.1s done
#41 loading layer 8fdfeee2412b 524.29kB / 50.27MB 1.0s done
#41 loading layer 97509e9fcd75 5.27kB / 5.27kB 0.1s done
#41 loading layer 626b3b77abe3 4.79kB / 4.79kB 0.1s done
#41 DONE 10.7s

#39 [api-2] exporting to docker image format
#39 sending tarball 20.7s done
#39 DONE 25.3s

#42 [api-1] importing to docker
#42 loading layer ea9c829e760b 116.98MB / 117.84MB 8.9s done
 Service api-2  Built
 Service api-1  Built
#42 loading layer 6d7c150df58d 327.68kB / 29.78MB 10.8s done
#42 loading layer 4b7257d903b2 487B / 487B 3.9s done
#42 loading layer 68120c1f502d 229.38kB / 20.22MB 3.9s done
#42 loading layer 156544180437 250B / 250B 3.2s done
#42 loading layer f265397e45df 244B / 244B 3.2s done
#42 loading layer 1c0dcaf35040 32.77kB / 790.73kB 3.2s done
#42 loading layer 04c2d92ad7ad 7.20kB / 7.20kB 3.2s done
#42 loading layer 7dc78ef231f4 491.52kB / 48.70MB 3.2s done
#42 loading layer 2c2dc2c0cf55 93B / 93B 1.1s done
#42 loading layer 8fdfeee2412b 524.29kB / 50.27MB 1.1s done
#42 DONE 10.8s

#40 [api-1] exporting to docker image format
#40 sending tarball 20.7s done
#40 DONE 25.4s

#43 [api-2] resolving provenance for metadata file
#43 DONE 0.0s

#44 [api-1] resolving provenance for metadata file
#44 DONE 0.0s
 Network rinha-de-backend-2026_rinha  Creating
 Network rinha-de-backend-2026_rinha  Created
 Container rinha-de-backend-2026-api-2-1  Creating
 Container rinha-de-backend-2026-api-1-1  Creating
 api-1 The requested image's platform (linux/amd64) does not match the detected host platform (linux/arm64/v8) and no specific platform was requested 
 api-2 The requested image's platform (linux/amd64) does not match the detected host platform (linux/arm64/v8) and no specific platform was requested 
 Container rinha-de-backend-2026-api-1-1  Created
 Container rinha-de-backend-2026-api-2-1  Created
 Container rinha-de-backend-2026-haproxy-1  Creating
 Container rinha-de-backend-2026-haproxy-1  Created
 Container rinha-de-backend-2026-api-2-1  Starting
 Container rinha-de-backend-2026-api-1-1  Starting
 Container rinha-de-backend-2026-api-1-1  Started
 Container rinha-de-backend-2026-api-2-1  Started
 Container rinha-de-backend-2026-haproxy-1  Starting
 Container rinha-de-backend-2026-haproxy-1  Started
